\BOOKMARK [1][-]{section.1}{Summary}{}% 1
\BOOKMARK [1][-]{section.2}{Stakeholders}{}% 2
\BOOKMARK [1][-]{section.3}{External Ecosystem}{}% 3
\BOOKMARK [2][-]{subsection.3.1}{Hardware/Software Requirements}{section.3}% 4
\BOOKMARK [2][-]{subsection.3.2}{Other Concerned Systems}{section.3}% 5
\BOOKMARK [2][-]{subsection.3.3}{External Critical Data}{section.3}% 6
\BOOKMARK [2][-]{subsection.3.4}{User Interface Guidelines}{section.3}% 7
\BOOKMARK [1][-]{section.4}{Functional Requirements}{}% 8
\BOOKMARK [2][-]{subsection.4.1}{User Interface Finalization}{section.4}% 9
\BOOKMARK [2][-]{subsection.4.2}{Detailed Specifications}{section.4}% 10
\BOOKMARK [2][-]{subsection.4.3}{Functional Testing}{section.4}% 11
\BOOKMARK [1][-]{section.5}{Non-Functional Requirements}{}% 12
\BOOKMARK [2][-]{subsection.5.1}{Security}{section.5}% 13
\BOOKMARK [2][-]{subsection.5.2}{Fault Tolerance}{section.5}% 14
\BOOKMARK [2][-]{subsection.5.3}{Performance Requirements}{section.5}% 15
\BOOKMARK [2][-]{subsection.5.4}{Scalability/Throughput Requirements}{section.5}% 16
\BOOKMARK [2][-]{subsection.5.5}{Non-Functional Testing}{section.5}% 17
\BOOKMARK [1][-]{section.6}{Process Requirements}{}% 18
\BOOKMARK [2][-]{subsection.6.1}{What Must be Done When?}{section.6}% 19
\BOOKMARK [3][-]{subsubsection.6.1.1}{What will be Delivered, and to Whom?}{subsection.6.1}% 20
\BOOKMARK [3][-]{subsubsection.6.1.2}{In What Form will it be Delivered?}{subsection.6.1}% 21
\BOOKMARK [2][-]{subsection.6.2}{Who Will Sign Off When it is Done?}{section.6}% 22
\BOOKMARK [1][-]{section.7}{Summary}{}% 23
\BOOKMARK [1][-]{section.8}{Signatures}{}% 24
